
  .   ____          _            __ _ _
 /\\ / ___'_ __ _ _(_)_ __  __ _ \ \ \ \
( ( )\___ | '_ | '_| | '_ \/ _` | \ \ \ \
 \\/  ___)| |_)| | | | | || (_| |  ) ) ) )
  '  |____| .__|_| |_|_| |_\__, | / / / /
 =========|_|==============|___/=/_/_/_/

 :: Spring Boot ::                (v3.5.3)

INFO   [36mp.WebApp[0;39m - Starting WebApp v1.0-SNAPSHOT using Java 25 with PID 25240 (C:\Users\emili\springajax\target\pharmacie-spring-jpa-1.0-SNAPSHOT.jar started by emili in C:\Users\emili\springajax) 
INFO   [36mp.WebApp[0;39m - No active profile set, falling back to 1 default profile: "default" 
INFO   [36mo.s.d.r.c.RepositoryConfigurationDelegate[0;39m - Bootstrapping Spring Data JPA repositories in DEFAULT mode. 
INFO   [36mo.s.d.r.c.RepositoryConfigurationDelegate[0;39m - Finished Spring Data repository scanning in 62 ms. Found 5 JPA repository interfaces. 
INFO   [36mo.s.b.w.e.t.TomcatWebServer[0;39m - Tomcat initialized with port 8080 (http) 
INFO   [36mo.a.c.c.StandardService[0;39m - Starting service [Tomcat] 
INFO   [36mo.a.c.c.StandardEngine[0;39m - Starting Servlet engine: [Apache Tomcat/10.1.42] 
INFO   [36mo.a.c.c.C.[.[.[/][0;39m - Initializing Spring embedded WebApplicationContext 
INFO   [36mo.s.b.w.s.c.ServletWebServerApplicationContext[0;39m - Root WebApplicationContext: initialization completed in 2431 ms 
DEBUG  [36mo.s.b.w.s.ServletContextInitializerBeans[0;39m - Mapping filters: webMvcObservationFilter urls=[/*] order=-2147483647, resourceUrlEncodingFilter urls=[/*] order=2147483647, characterEncodingFilter urls=[/*] order=-2147483648, formContentFilter urls=[/*] order=-9900, requestContextFilter urls=[/*] order=-105, corsFilter urls=[/*] order=2147483647 
DEBUG  [36mo.s.b.w.s.ServletContextInitializerBeans[0;39m - Mapping servlets: dispatcherServlet urls=[/], h2Console urls=[/h2-console/*] 
DEBUG  [36mo.s.w.f.ServerHttpObservationFilter[0;39m - Filter 'webMvcObservationFilter' configured for use 
DEBUG  [36mo.s.w.s.r.ResourceUrlEncodingFilter[0;39m - Filter 'resourceUrlEncodingFilter' configured for use 
DEBUG  [36mo.s.w.f.CorsFilter[0;39m - Filter 'corsFilter' configured for use 
INFO   [36mo.h.j.i.u.LogHelper[0;39m - HHH000204: Processing PersistenceUnitInfo [name: default] 
INFO   [36mo.h.Version[0;39m - HHH000412: Hibernate ORM core version 6.6.18.Final 
INFO   [36mo.h.c.i.RegionFactoryInitiator[0;39m - HHH000026: Second-level cache disabled 
INFO   [36mo.s.o.j.p.SpringPersistenceUnitInfo[0;39m - No LoadTimeWeaver setup: ignoring JPA class transformer 
INFO   [36mc.z.h.HikariDataSource[0;39m - HikariPool-1 - Starting... 
INFO   [36mc.z.h.p.HikariPool[0;39m - HikariPool-1 - Added connection conn0: url=jdbc:h2:mem:testdb user=SA 
INFO   [36mc.z.h.HikariDataSource[0;39m - HikariPool-1 - Start completed. 
INFO   [36mo.h.o.c.pooling[0;39m - HHH10001005: Database info:
	Database JDBC URL [Connecting through datasource 'HikariDataSource (HikariPool-1)']
	Database driver: undefined/unknown
	Database version: 2.2.220
	Autocommit mode: undefined/unknown
	Isolation level: undefined/unknown
	Minimum pool size: undefined/unknown
	Maximum pool size: undefined/unknown 
INFO   [36mo.h.e.t.j.p.i.JtaPlatformInitiator[0;39m - HHH000489: No JTA platform available (set 'hibernate.transaction.jta.platform' to enable JTA platform integration) 
DEBUG  [36mo.hibernate.SQL[0;39m - 
    drop table if exists categorie cascade  
DEBUG  [36mo.hibernate.SQL[0;39m - 
    drop table if exists commande cascade  
DEBUG  [36mo.hibernate.SQL[0;39m - 
    drop table if exists dispensaire cascade  
DEBUG  [36mo.hibernate.SQL[0;39m - 
    drop table if exists fournisseur cascade  
DEBUG  [36mo.hibernate.SQL[0;39m - 
    drop table if exists fournisseur_categorie cascade  
DEBUG  [36mo.hibernate.SQL[0;39m - 
    drop table if exists ligne cascade  
DEBUG  [36mo.hibernate.SQL[0;39m - 
    drop table if exists medicament cascade  
DEBUG  [36mo.hibernate.SQL[0;39m - 
    create table categorie (
        code integer generated by default as identity,
        description varchar(255),
        libelle varchar(255) not null unique,
        primary key (code)
    ) 
DEBUG  [36mo.hibernate.SQL[0;39m - 
    create table commande (
        envoyeele date,
        numero integer generated by default as identity,
        port numeric(18,2),
        remise numeric(10,2) not null,
        saisiele date not null,
        dispensaire_code varchar(5) not null,
        code_postal varchar(10),
        pays varchar(15),
        region varchar(15),
        ville varchar(15),
        destinataire varchar(40),
        adresse varchar(60),
        primary key (numero)
    ) 
DEBUG  [36mo.hibernate.SQL[0;39m - 
    create table dispensaire (
        code varchar(5) not null,
        code_postal varchar(10),
        pays varchar(15),
        region varchar(15),
        ville varchar(15),
        fax varchar(24),
        telephone varchar(24),
        contact varchar(30),
        fonction varchar(30),
        nom varchar(40) not null,
        adresse varchar(60),
        primary key (code)
    ) 
DEBUG  [36mo.hibernate.SQL[0;39m - 
    create table fournisseur (
        id integer generated by default as identity,
        email varchar(255),
        nom varchar(255),
        primary key (id)
    ) 
DEBUG  [36mo.hibernate.SQL[0;39m - 
    create table fournisseur_categorie (
        categorie_code integer not null,
        fournisseur_id integer not null
    ) 
DEBUG  [36mo.hibernate.SQL[0;39m - 
    create table ligne (
        commande_numero integer not null,
        id integer generated by default as identity,
        medicament_reference integer not null,
        quantite integer not null,
        primary key (id),
        unique (commande_numero, medicament_reference)
    ) 
DEBUG  [36mo.hibernate.SQL[0;39m - 
    create table medicament (
        categorie_code integer not null,
        indisponible boolean not null,
        niveau_de_reappro integer not null,
        prix_unitaire numeric(38,2),
        reference integer generated by default as identity,
        unites_commandees integer not null,
        unites_en_stock integer not null,
        imageurl varchar(500),
        nom varchar(255) unique,
        quantite_par_unite varchar(255),
        primary key (reference)
    ) 
DEBUG  [36mo.hibernate.SQL[0;39m - 
    alter table if exists commande 
       add constraint FKn88j9gc356d6vgi9uv03mu475 
       foreign key (dispensaire_code) 
       references dispensaire 
DEBUG  [36mo.hibernate.SQL[0;39m - 
    alter table if exists fournisseur_categorie 
       add constraint FKje7w46aqsluo116moh78fndvg 
       foreign key (categorie_code) 
       references categorie 
DEBUG  [36mo.hibernate.SQL[0;39m - 
    alter table if exists fournisseur_categorie 
       add constraint FK387djmvpf3yywnxmeh9f3u0kp 
       foreign key (fournisseur_id) 
       references fournisseur 
DEBUG  [36mo.hibernate.SQL[0;39m - 
    alter table if exists ligne 
       add constraint FK6jxlgqievklsvlub5jdc6uh80 
       foreign key (commande_numero) 
       references commande 
DEBUG  [36mo.hibernate.SQL[0;39m - 
    alter table if exists ligne 
       add constraint FK8tfr2mmn8n7ymcmp4wahst57h 
       foreign key (medicament_reference) 
       references medicament 
DEBUG  [36mo.hibernate.SQL[0;39m - 
    alter table if exists medicament 
       add constraint FK6ha18d5lasbqv8ku69ngeh4uh 
       foreign key (categorie_code) 
       references categorie 
INFO   [36mo.s.o.j.LocalContainerEntityManagerFactoryBean[0;39m - Initialized JPA EntityManagerFactory for persistence unit 'default' 
INFO   [36mo.s.d.j.r.q.QueryEnhancerFactory[0;39m - Hibernate is in classpath; If applicable, HQL parser will be used. 
WARN   [36mo.s.b.a.o.j.JpaBaseConfiguration$JpaWebConfiguration[0;39m - spring.jpa.open-in-view is enabled by default. Therefore, database queries may be performed during view rendering. Explicitly configure spring.jpa.open-in-view to disable this warning 
INFO   [36mo.s.b.a.w.s.WelcomePageHandlerMapping[0;39m - Adding welcome page: class path resource [static/index.html] 
DEBUG  [36mo.s.w.s.m.m.a.RequestMappingHandlerMapping[0;39m - 29 mappings in 'requestMappingHandlerMapping' 
DEBUG  [36mo.s.w.s.h.SimpleUrlHandlerMapping[0;39m - Patterns [/webjars/**, /**, /swagger-ui*/*swagger-initializer.js, /swagger-ui*/**] in 'resourceHandlerMapping' 
DEBUG  [36mo.s.w.s.m.m.a.RequestMappingHandlerAdapter[0;39m - ControllerAdvice beans: 0 @ModelAttribute, 0 @InitBinder, 1 RequestBodyAdvice, 1 ResponseBodyAdvice 
DEBUG  [36mo.s.w.s.m.m.a.ExceptionHandlerExceptionResolver[0;39m - ControllerAdvice beans: 3 @ExceptionHandler, 1 ResponseBodyAdvice 
DEBUG  [36mo.s.w.s.m.m.a.ExceptionHandlerExceptionResolver[0;39m - ControllerAdvice beans: 3 @ExceptionHandler, 0 ResponseBodyAdvice 
INFO   [36mo.s.b.a.h.H2ConsoleAutoConfiguration[0;39m - H2 console available at '/h2-console'. Database available at 'jdbc:h2:mem:testdb' 
INFO   [36mo.s.b.a.e.w.EndpointLinksResolver[0;39m - Exposing 1 endpoint beneath base path '/actuator' 
INFO   [36mo.s.b.w.e.t.TomcatWebServer[0;39m - Tomcat started on port 8080 (http) with context path '/' 
INFO   [36mp.c.ApplicationStartupLogger[0;39m - L'application est dÃĐmarrÃĐe sur : http://localhost:8080 
INFO   [36mp.WebApp[0;39m - Started WebApp in 8.684 seconds (process running for 9.447) 
WARN   [36mo.s.c.e.SpringDocAppInitializer[0;39m - SpringDoc /v3/api-docs endpoint is enabled by default. To disable it in production, set the property 'springdoc.api-docs.enabled=false' 
WARN   [36mo.s.c.e.SpringDocAppInitializer[0;39m - SpringDoc /swagger-ui.html endpoint is enabled by default. To disable it in production, set the property 'springdoc.swagger-ui.enabled=false' 
INFO   [36mo.a.c.c.C.[.[.[/][0;39m - Initializing Spring DispatcherServlet 'dispatcherServlet' 
INFO   [36mo.s.w.s.DispatcherServlet[0;39m - Initializing Servlet 'dispatcherServlet' 
DEBUG  [36mo.s.w.s.DispatcherServlet[0;39m - Detected StandardServletMultipartResolver 
DEBUG  [36mo.s.w.s.DispatcherServlet[0;39m - Detected AcceptHeaderLocaleResolver 
DEBUG  [36mo.s.w.s.DispatcherServlet[0;39m - Detected FixedThemeResolver 
DEBUG  [36mo.s.w.s.DispatcherServlet[0;39m - Detected org.springframework.web.servlet.view.DefaultRequestToViewNameTranslator@3b057816 
DEBUG  [36mo.s.w.s.DispatcherServlet[0;39m - Detected org.springframework.web.servlet.support.SessionFlashMapManager@439a0f0 
DEBUG  [36mo.s.w.s.DispatcherServlet[0;39m - enableLoggingRequestDetails='true': request parameters and headers will be shown which may lead to unsafe logging of potentially sensitive data 
INFO   [36mo.s.w.s.DispatcherServlet[0;39m - Completed initialization in 7 ms 
DEBUG  [36mo.s.w.s.DispatcherServlet[0;39m - GET "/api/categories", parameters={} 
DEBUG  [36mo.hibernate.SQL[0;39m - 
    select
        c1_0.code,
        c1_0.description,
        c1_0.libelle 
    from
        categorie c1_0 
    offset
        ? rows 
    fetch
        first ? rows only 
DEBUG  [36mo.s.w.s.m.m.a.RequestResponseBodyMethodProcessor[0;39m - Using 'application/json', given [*/*] and supported [application/json] 
DEBUG  [36mo.hibernate.SQL[0;39m - 
    select
        f1_0.categorie_code,
        f1_1.id,
        f1_1.email,
        f1_1.nom 
    from
        fournisseur_categorie f1_0 
    join
        fournisseur f1_1 
            on f1_1.id=f1_0.fournisseur_id 
    where
        f1_0.categorie_code=? 
DEBUG  [36mo.hibernate.SQL[0;39m - 
    select
        f1_0.categorie_code,
        f1_1.id,
        f1_1.email,
        f1_1.nom 
    from
        fournisseur_categorie f1_0 
    join
        fournisseur f1_1 
            on f1_1.id=f1_0.fournisseur_id 
    where
        f1_0.categorie_code=? 
DEBUG  [36mo.hibernate.SQL[0;39m - 
    select
        f1_0.categorie_code,
        f1_1.id,
        f1_1.email,
        f1_1.nom 
    from
        fournisseur_categorie f1_0 
    join
        fournisseur f1_1 
            on f1_1.id=f1_0.fournisseur_id 
    where
        f1_0.categorie_code=? 
DEBUG  [36mo.hibernate.SQL[0;39m - 
    select
        f1_0.categorie_code,
        f1_1.id,
        f1_1.email,
        f1_1.nom 
    from
        fournisseur_categorie f1_0 
    join
        fournisseur f1_1 
            on f1_1.id=f1_0.fournisseur_id 
    where
        f1_0.categorie_code=? 
DEBUG  [36mo.hibernate.SQL[0;39m - 
    select
        f1_0.categorie_code,
        f1_1.id,
        f1_1.email,
        f1_1.nom 
    from
        fournisseur_categorie f1_0 
    join
        fournisseur f1_1 
            on f1_1.id=f1_0.fournisseur_id 
    where
        f1_0.categorie_code=? 
DEBUG  [36mo.hibernate.SQL[0;39m - 
    select
        f1_0.categorie_code,
        f1_1.id,
        f1_1.email,
        f1_1.nom 
    from
        fournisseur_categorie f1_0 
    join
        fournisseur f1_1 
            on f1_1.id=f1_0.fournisseur_id 
    where
        f1_0.categorie_code=? 
DEBUG  [36mo.hibernate.SQL[0;39m - 
    select
        f1_0.categorie_code,
        f1_1.id,
        f1_1.email,
        f1_1.nom 
    from
        fournisseur_categorie f1_0 
    join
        fournisseur f1_1 
            on f1_1.id=f1_0.fournisseur_id 
    where
        f1_0.categorie_code=? 
DEBUG  [36mo.hibernate.SQL[0;39m - 
    select
        f1_0.categorie_code,
        f1_1.id,
        f1_1.email,
        f1_1.nom 
    from
        fournisseur_categorie f1_0 
    join
        fournisseur f1_1 
            on f1_1.id=f1_0.fournisseur_id 
    where
        f1_0.categorie_code=? 
DEBUG  [36mo.hibernate.SQL[0;39m - 
    select
        f1_0.categorie_code,
        f1_1.id,
        f1_1.email,
        f1_1.nom 
    from
        fournisseur_categorie f1_0 
    join
        fournisseur f1_1 
            on f1_1.id=f1_0.fournisseur_id 
    where
        f1_0.categorie_code=? 
DEBUG  [36mo.hibernate.SQL[0;39m - 
    select
        f1_0.categorie_code,
        f1_1.id,
        f1_1.email,
        f1_1.nom 
    from
        fournisseur_categorie f1_0 
    join
        fournisseur f1_1 
            on f1_1.id=f1_0.fournisseur_id 
    where
        f1_0.categorie_code=? 
DEBUG  [36mo.s.w.s.m.m.a.RequestResponseBodyMethodProcessor[0;39m - Writing [PagedModel { content: [EntityModel { content: Categorie(code=3, libelle=Antibiotiques, description=M (truncated)...] 
DEBUG  [36mo.hibernate.SQL[0;39m - 
    select
        c1_0.fournisseur_id,
        c1_1.code,
        c1_1.description,
        c1_1.libelle 
    from
        fournisseur_categorie c1_0 
    join
        categorie c1_1 
            on c1_1.code=c1_0.categorie_code 
    where
        c1_0.fournisseur_id=? 
DEBUG  [36mo.hibernate.SQL[0;39m - 
    select
        c1_0.fournisseur_id,
        c1_1.code,
        c1_1.description,
        c1_1.libelle 
    from
        fournisseur_categorie c1_0 
    join
        categorie c1_1 
            on c1_1.code=c1_0.categorie_code 
    where
        c1_0.fournisseur_id=? 
DEBUG  [36mo.s.w.s.DispatcherServlet[0;39m - Completed 200 OK 
